08-06-2026 22:02:11 [[32minfo[39m]: [32mUsersAuthService: Password updated for user 2[39m
08-06-2026 22:02:22 [[32minfo[39m]: [32mUsersAuthService: Password updated for user 3[39m
08-06-2026 22:02:28 [[32minfo[39m]: [32mUsersAuthService: Password updated for user 4[39m
08-06-2026 22:02:32 [[32minfo[39m]: [32mUsersAuthService: Password updated for user 5[39m
08-06-2026 22:02:36 [[32minfo[39m]: [32mUsersAuthService: Password updated for user 6[39m
08-06-2026 22:17:43 [[32minfo[39m]: [32mdbConnection: Successfuly connected to DB[39m
08-06-2026 22:17:43 [[32minfo[39m]: [32mdbConnection: Successfuly connected to DB[39m
08-06-2026 22:17:43 [[32minfo[39m]: [32mdbConnection: Successfuly connected to DB[39m
08-06-2026 22:17:43 [[32minfo[39m]: [32mdbConnection: Successfuly connected to DB[39m
08-06-2026 22:18:43 [[32minfo[39m]: [32mdbConnection: Successfuly connected to DB[39m
08-06-2026 22:18:43 [[32minfo[39m]: [32mdbConnection: Successfuly connected to DB[39m
08-06-2026 22:18:43 [[32minfo[39m]: [32mdbConnection: Successfuly connected to DB[39m
08-06-2026 22:18:43 [[32minfo[39m]: [32mdbConnection: Successfuly connected to DB[39m
08-06-2026 22:18:47 [[32minfo[39m]: [32mdbConnection: Successfuly connected to DB[39m
08-06-2026 22:18:47 [[32minfo[39m]: [32mdbConnection: Successfuly connected to DB[39m
08-06-2026 22:18:47 [[32minfo[39m]: [32mdbConnection: Successfuly connected to DB[39m
08-06-2026 22:18:47 [[32minfo[39m]: [32mdbConnection: Successfuly connected to DB[39m
08-06-2026 22:20:35 [[32minfo[39m]: [32mdbConnection: Successfuly connected to DB[39m
08-06-2026 22:20:35 [[32minfo[39m]: [32mdbConnection: Successfuly connected to DB[39m
08-06-2026 22:20:35 [[32minfo[39m]: [32mdbConnection: Successfuly connected to DB[39m
08-06-2026 22:20:35 [[32minfo[39m]: [32mdbConnection: Successfuly connected to DB[39m
08-06-2026 22:21:29 [[32minfo[39m]: [32mdbConnection: Successfuly connected to DB[39m
08-06-2026 22:21:29 [[32minfo[39m]: [32mdbConnection: Successfuly connected to DB[39m
08-06-2026 22:21:29 [[32minfo[39m]: [32mdbConnection: Successfuly connected to DB[39m
08-06-2026 22:21:29 [[32minfo[39m]: [32mdbConnection: Successfuly connected to DB[39m
08-06-2026 22:21:39 [[32minfo[39m]: [32mdbConnection: Successfuly connected to DB[39m
08-06-2026 22:21:39 [[32minfo[39m]: [32mdbConnection: Successfuly connected to DB[39m
08-06-2026 22:21:39 [[32minfo[39m]: [32mdbConnection: Successfuly connected to DB[39m
08-06-2026 22:21:39 [[32minfo[39m]: [32mdbConnection: Successfuly connected to DB[39m
08-06-2026 22:21:55 [[32minfo[39m]: [32mdbConnection: Successfuly connected to DB[39m
08-06-2026 22:21:55 [[32minfo[39m]: [32mdbConnection: Successfuly connected to DB[39m
08-06-2026 22:21:55 [[32minfo[39m]: [32mdbConnection: Successfuly connected to DB[39m
08-06-2026 22:21:55 [[32minfo[39m]: [32mdbConnection: Successfuly connected to DB[39m
08-06-2026 22:21:58 [[32minfo[39m]: [32mdbConnection: Successfuly connected to DB[39m
08-06-2026 22:21:58 [[32minfo[39m]: [32mdbConnection: Successfuly connected to DB[39m
08-06-2026 22:21:58 [[32minfo[39m]: [32mdbConnection: Successfuly connected to DB[39m
08-06-2026 22:21:58 [[32minfo[39m]: [32mdbConnection: Successfuly connected to DB[39m
08-06-2026 22:22:00 [[32minfo[39m]: [32mdbConnection: Successfuly connected to DB[39m
08-06-2026 22:22:00 [[32minfo[39m]: [32mdbConnection: Successfuly connected to DB[39m
08-06-2026 22:22:00 [[32minfo[39m]: [32mdbConnection: Successfuly connected to DB[39m
08-06-2026 22:22:00 [[32minfo[39m]: [32mdbConnection: Successfuly connected to DB[39m
08-06-2026 22:22:03 [[32minfo[39m]: [32mdbConnection: Successfuly connected to DB[39m
08-06-2026 22:22:03 [[32minfo[39m]: [32mdbConnection: Successfuly connected to DB[39m
08-06-2026 22:22:03 [[32minfo[39m]: [32mdbConnection: Successfuly connected to DB[39m
08-06-2026 22:22:03 [[32minfo[39m]: [32mdbConnection: Successfuly connected to DB[39m
08-06-2026 22:22:16 [[32minfo[39m]: [32mdbConnection: Successfuly connected to DB[39m
08-06-2026 22:22:16 [[32minfo[39m]: [32mdbConnection: Successfuly connected to DB[39m
08-06-2026 22:22:16 [[32minfo[39m]: [32mdbConnection: Successfuly connected to DB[39m
08-06-2026 22:22:16 [[32minfo[39m]: [32mdbConnection: Successfuly connected to DB[39m
08-06-2026 22:22:27 [[32minfo[39m]: [32mdbConnection: Successfuly connected to DB[39m
08-06-2026 22:22:27 [[32minfo[39m]: [32mdbConnection: Successfuly connected to DB[39m
08-06-2026 22:22:27 [[32minfo[39m]: [32mdbConnection: Successfuly connected to DB[39m
08-06-2026 22:22:27 [[32minfo[39m]: [32mdbConnection: Successfuly connected to DB[39m
08-06-2026 22:22:30 [[32minfo[39m]: [32mdbConnection: Successfuly connected to DB[39m
08-06-2026 22:22:30 [[32minfo[39m]: [32mdbConnection: Successfuly connected to DB[39m
08-06-2026 22:22:30 [[32minfo[39m]: [32mdbConnection: Successfuly connected to DB[39m
08-06-2026 22:22:30 [[32minfo[39m]: [32mdbConnection: Successfuly connected to DB[39m
08-06-2026 22:22:38 [[32minfo[39m]: [32mdbConnection: Successfuly connected to DB[39m
08-06-2026 22:22:38 [[32minfo[39m]: [32mdbConnection: Successfuly connected to DB[39m
08-06-2026 22:22:38 [[32minfo[39m]: [32mdbConnection: Successfuly connected to DB[39m
08-06-2026 22:22:38 [[32minfo[39m]: [32mdbConnection: Successfuly connected to DB[39m
08-06-2026 22:22:57 [[32minfo[39m]: [32mdbConnection: Successfuly connected to DB[39m
08-06-2026 22:22:57 [[32minfo[39m]: [32mdbConnection: Successfuly connected to DB[39m
08-06-2026 22:22:57 [[32minfo[39m]: [32mdbConnection: Successfuly connected to DB[39m
08-06-2026 22:22:57 [[32minfo[39m]: [32mdbConnection: Successfuly connected to DB[39m
08-06-2026 22:23:06 [[32minfo[39m]: [32mdbConnection: Successfuly connected to DB[39m
08-06-2026 22:23:06 [[32minfo[39m]: [32mdbConnection: Successfuly connected to DB[39m
08-06-2026 22:23:06 [[32minfo[39m]: [32mdbConnection: Successfuly connected to DB[39m
08-06-2026 22:23:06 [[32minfo[39m]: [32mdbConnection: Successfuly connected to DB[39m
08-06-2026 22:23:14 [[32minfo[39m]: [32mdbConnection: Successfuly connected to DB[39m
08-06-2026 22:23:14 [[32minfo[39m]: [32mdbConnection: Successfuly connected to DB[39m
08-06-2026 22:23:14 [[32minfo[39m]: [32mdbConnection: Successfuly connected to DB[39m
08-06-2026 22:23:14 [[32minfo[39m]: [32mdbConnection: Successfuly connected to DB[39m
08-06-2026 22:23:26 [[32minfo[39m]: [32mdbConnection: Successfuly connected to DB[39m
08-06-2026 22:23:26 [[32minfo[39m]: [32mdbConnection: Successfuly connected to DB[39m
08-06-2026 22:23:26 [[32minfo[39m]: [32mdbConnection: Successfuly connected to DB[39m
08-06-2026 22:23:26 [[32minfo[39m]: [32mdbConnection: Successfuly connected to DB[39m
08-06-2026 22:23:31 [[32minfo[39m]: [32mdbConnection: Successfuly connected to DB[39m
08-06-2026 22:23:31 [[32minfo[39m]: [32mdbConnection: Successfuly connected to DB[39m
08-06-2026 22:23:31 [[32minfo[39m]: [32mdbConnection: Successfuly connected to DB[39m
08-06-2026 22:23:31 [[32minfo[39m]: [32mdbConnection: Successfuly connected to DB[39m
08-06-2026 22:23:33 [[32minfo[39m]: [32mdbConnection: Successfuly connected to DB[39m
08-06-2026 22:23:33 [[32minfo[39m]: [32mdbConnection: Successfuly connected to DB[39m
08-06-2026 22:23:33 [[32minfo[39m]: [32mdbConnection: Successfuly connected to DB[39m
08-06-2026 22:23:33 [[32minfo[39m]: [32mdbConnection: Successfuly connected to DB[39m
08-06-2026 22:23:40 [[32minfo[39m]: [32mdbConnection: Successfuly connected to DB[39m
08-06-2026 22:23:40 [[32minfo[39m]: [32mdbConnection: Successfuly connected to DB[39m
08-06-2026 22:23:40 [[32minfo[39m]: [32mdbConnection: Successfuly connected to DB[39m
08-06-2026 22:23:40 [[32minfo[39m]: [32mdbConnection: Successfuly connected to DB[39m
08-06-2026 22:23:45 [[32minfo[39m]: [32mdbConnection: Successfuly connected to DB[39m
08-06-2026 22:23:45 [[32minfo[39m]: [32mdbConnection: Successfuly connected to DB[39m
08-06-2026 22:23:45 [[32minfo[39m]: [32mdbConnection: Successfuly connected to DB[39m
08-06-2026 22:23:45 [[32minfo[39m]: [32mdbConnection: Successfuly connected to DB[39m
08-06-2026 22:23:51 [[32minfo[39m]: [32mdbConnection: Successfuly connected to DB[39m
08-06-2026 22:23:51 [[32minfo[39m]: [32mdbConnection: Successfuly connected to DB[39m
08-06-2026 22:23:51 [[32minfo[39m]: [32mdbConnection: Successfuly connected to DB[39m
08-06-2026 22:23:51 [[32minfo[39m]: [32mdbConnection: Successfuly connected to DB[39m
08-06-2026 22:23:58 [[32minfo[39m]: [32mdbConnection: Successfuly connected to DB[39m
08-06-2026 22:23:58 [[32minfo[39m]: [32mdbConnection: Successfuly connected to DB[39m
08-06-2026 22:23:58 [[32minfo[39m]: [32mdbConnection: Successfuly connected to DB[39m
08-06-2026 22:23:58 [[32minfo[39m]: [32mdbConnection: Successfuly connected to DB[39m
08-06-2026 22:24:02 [[32minfo[39m]: [32mdbConnection: Successfuly connected to DB[39m
08-06-2026 22:24:02 [[32minfo[39m]: [32mdbConnection: Successfuly connected to DB[39m
08-06-2026 22:24:02 [[32minfo[39m]: [32mdbConnection: Successfuly connected to DB[39m
08-06-2026 22:24:02 [[32minfo[39m]: [32mdbConnection: Successfuly connected to DB[39m
08-06-2026 22:24:07 [[32minfo[39m]: [32mdbConnection: Successfuly connected to DB[39m
08-06-2026 22:24:07 [[32minfo[39m]: [32mdbConnection: Successfuly connected to DB[39m
08-06-2026 22:24:07 [[32minfo[39m]: [32mdbConnection: Successfuly connected to DB[39m
08-06-2026 22:24:07 [[32minfo[39m]: [32mdbConnection: Successfuly connected to DB[39m
08-06-2026 22:24:12 [[32minfo[39m]: [32mdbConnection: Successfuly connected to DB[39m
08-06-2026 22:24:12 [[32minfo[39m]: [32mdbConnection: Successfuly connected to DB[39m
08-06-2026 22:24:12 [[32minfo[39m]: [32mdbConnection: Successfuly connected to DB[39m
08-06-2026 22:24:12 [[32minfo[39m]: [32mdbConnection: Successfuly connected to DB[39m
08-06-2026 22:24:14 [[32minfo[39m]: [32mdbConnection: Successfuly connected to DB[39m
08-06-2026 22:24:14 [[32minfo[39m]: [32mdbConnection: Successfuly connected to DB[39m
08-06-2026 22:24:14 [[32minfo[39m]: [32mdbConnection: Successfuly connected to DB[39m
08-06-2026 22:24:14 [[32minfo[39m]: [32mdbConnection: Successfuly connected to DB[39m
08-06-2026 22:24:17 [[32minfo[39m]: [32mdbConnection: Successfuly connected to DB[39m
08-06-2026 22:24:17 [[32minfo[39m]: [32mdbConnection: Successfuly connected to DB[39m
08-06-2026 22:24:17 [[32minfo[39m]: [32mdbConnection: Successfuly connected to DB[39m
08-06-2026 22:24:17 [[32minfo[39m]: [32mdbConnection: Successfuly connected to DB[39m
08-06-2026 22:24:21 [[32minfo[39m]: [32mdbConnection: Successfuly connected to DB[39m
08-06-2026 22:24:21 [[32minfo[39m]: [32mdbConnection: Successfuly connected to DB[39m
08-06-2026 22:24:21 [[32minfo[39m]: [32mdbConnection: Successfuly connected to DB[39m
08-06-2026 22:24:21 [[32minfo[39m]: [32mdbConnection: Successfuly connected to DB[39m
08-06-2026 22:24:22 [[32minfo[39m]: [32mdbConnection: Successfuly connected to DB[39m
08-06-2026 22:24:22 [[32minfo[39m]: [32mdbConnection: Successfuly connected to DB[39m
08-06-2026 22:24:22 [[32minfo[39m]: [32mdbConnection: Successfuly connected to DB[39m
08-06-2026 22:24:22 [[32minfo[39m]: [32mdbConnection: Successfuly connected to DB[39m
08-06-2026 22:24:27 [[32minfo[39m]: [32mdbConnection: Successfuly connected to DB[39m
08-06-2026 22:24:27 [[32minfo[39m]: [32mdbConnection: Successfuly connected to DB[39m
08-06-2026 22:24:27 [[32minfo[39m]: [32mdbConnection: Successfuly connected to DB[39m
08-06-2026 22:24:27 [[32minfo[39m]: [32mdbConnection: Successfuly connected to DB[39m
08-06-2026 22:24:45 [[32minfo[39m]: [32mdbConnection: Successfuly connected to DB[39m
08-06-2026 22:24:45 [[32minfo[39m]: [32mdbConnection: Successfuly connected to DB[39m
08-06-2026 22:24:45 [[32minfo[39m]: [32mdbConnection: Successfuly connected to DB[39m
08-06-2026 22:24:45 [[32minfo[39m]: [32mdbConnection: Successfuly connected to DB[39m
08-06-2026 22:24:54 [[32minfo[39m]: [32mdbConnection: Successfuly connected to DB[39m
08-06-2026 22:24:54 [[32minfo[39m]: [32mdbConnection: Successfuly connected to DB[39m
08-06-2026 22:24:54 [[32minfo[39m]: [32mdbConnection: Successfuly connected to DB[39m
08-06-2026 22:24:54 [[32minfo[39m]: [32mdbConnection: Successfuly connected to DB[39m
08-06-2026 22:24:59 [[32minfo[39m]: [32mdbConnection: Successfuly connected to DB[39m
08-06-2026 22:24:59 [[32minfo[39m]: [32mdbConnection: Successfuly connected to DB[39m
08-06-2026 22:24:59 [[32minfo[39m]: [32mdbConnection: Successfuly connected to DB[39m
08-06-2026 22:24:59 [[32minfo[39m]: [32mdbConnection: Successfuly connected to DB[39m
08-06-2026 22:25:01 [[32minfo[39m]: [32mdbConnection: Successfuly connected to DB[39m
08-06-2026 22:25:01 [[32minfo[39m]: [32mdbConnection: Successfuly connected to DB[39m
08-06-2026 22:25:01 [[32minfo[39m]: [32mdbConnection: Successfuly connected to DB[39m
08-06-2026 22:25:01 [[32minfo[39m]: [32mdbConnection: Successfuly connected to DB[39m
08-06-2026 22:26:02 [[32minfo[39m]: [32mdbConnection: Successfuly connected to DB[39m
08-06-2026 22:26:02 [[32minfo[39m]: [32mdbConnection: Successfuly connected to DB[39m
08-06-2026 22:26:02 [[32minfo[39m]: [32mdbConnection: Successfuly connected to DB[39m
08-06-2026 22:26:02 [[32minfo[39m]: [32mdbConnection: Successfuly connected to DB[39m
08-06-2026 22:26:26 [[32minfo[39m]: [32mdbConnection: Successfuly connected to DB[39m
08-06-2026 22:26:26 [[32minfo[39m]: [32mdbConnection: Successfuly connected to DB[39m
08-06-2026 22:26:26 [[32minfo[39m]: [32mdbConnection: Successfuly connected to DB[39m
08-06-2026 22:26:26 [[32minfo[39m]: [32mdbConnection: Successfuly connected to DB[39m
08-06-2026 22:26:34 [[32minfo[39m]: [32mdbConnection: Successfuly connected to DB[39m
08-06-2026 22:26:34 [[32minfo[39m]: [32mdbConnection: Successfuly connected to DB[39m
08-06-2026 22:26:34 [[32minfo[39m]: [32mdbConnection: Successfuly connected to DB[39m
08-06-2026 22:26:34 [[32minfo[39m]: [32mdbConnection: Successfuly connected to DB[39m
08-06-2026 22:26:45 [[32minfo[39m]: [32mdbConnection: Successfuly connected to DB[39m
08-06-2026 22:26:45 [[32minfo[39m]: [32mdbConnection: Successfuly connected to DB[39m
08-06-2026 22:26:45 [[32minfo[39m]: [32mdbConnection: Successfuly connected to DB[39m
08-06-2026 22:26:45 [[32minfo[39m]: [32mdbConnection: Successfuly connected to DB[39m
08-06-2026 22:26:52 [[32minfo[39m]: [32mdbConnection: Successfuly connected to DB[39m
08-06-2026 22:26:52 [[32minfo[39m]: [32mdbConnection: Successfuly connected to DB[39m
08-06-2026 22:26:52 [[32minfo[39m]: [32mdbConnection: Successfuly connected to DB[39m
08-06-2026 22:26:52 [[32minfo[39m]: [32mdbConnection: Successfuly connected to DB[39m
08-06-2026 22:27:01 [[32minfo[39m]: [32mdbConnection: Successfuly connected to DB[39m
08-06-2026 22:27:01 [[32minfo[39m]: [32mdbConnection: Successfuly connected to DB[39m
08-06-2026 22:27:01 [[32minfo[39m]: [32mdbConnection: Successfuly connected to DB[39m
08-06-2026 22:27:01 [[32minfo[39m]: [32mdbConnection: Successfuly connected to DB[39m
08-06-2026 22:27:07 [[32minfo[39m]: [32mdbConnection: Successfuly connected to DB[39m
08-06-2026 22:27:07 [[32minfo[39m]: [32mdbConnection: Successfuly connected to DB[39m
08-06-2026 22:27:07 [[32minfo[39m]: [32mdbConnection: Successfuly connected to DB[39m
08-06-2026 22:27:07 [[32minfo[39m]: [32mdbConnection: Successfuly connected to DB[39m
08-06-2026 22:27:14 [[32minfo[39m]: [32mdbConnection: Successfuly connected to DB[39m
08-06-2026 22:27:14 [[32minfo[39m]: [32mdbConnection: Successfuly connected to DB[39m
08-06-2026 22:27:14 [[32minfo[39m]: [32mdbConnection: Successfuly connected to DB[39m
08-06-2026 22:27:14 [[32minfo[39m]: [32mdbConnection: Successfuly connected to DB[39m
08-06-2026 22:27:21 [[32minfo[39m]: [32mdbConnection: Successfuly connected to DB[39m
08-06-2026 22:27:21 [[32minfo[39m]: [32mdbConnection: Successfuly connected to DB[39m
08-06-2026 22:27:21 [[32minfo[39m]: [32mdbConnection: Successfuly connected to DB[39m
08-06-2026 22:27:21 [[32minfo[39m]: [32mdbConnection: Successfuly connected to DB[39m
08-06-2026 22:27:29 [[32minfo[39m]: [32mdbConnection: Successfuly connected to DB[39m
08-06-2026 22:27:29 [[32minfo[39m]: [32mdbConnection: Successfuly connected to DB[39m
08-06-2026 22:27:29 [[32minfo[39m]: [32mdbConnection: Successfuly connected to DB[39m
08-06-2026 22:27:29 [[32minfo[39m]: [32mdbConnection: Successfuly connected to DB[39m
08-06-2026 22:27:30 [[32minfo[39m]: [32mdbConnection: Successfuly connected to DB[39m
08-06-2026 22:27:30 [[32minfo[39m]: [32mdbConnection: Successfuly connected to DB[39m
08-06-2026 22:27:30 [[32minfo[39m]: [32mdbConnection: Successfuly connected to DB[39m
08-06-2026 22:27:30 [[32minfo[39m]: [32mdbConnection: Successfuly connected to DB[39m
08-06-2026 22:27:34 [[32minfo[39m]: [32mdbConnection: Successfuly connected to DB[39m
08-06-2026 22:27:34 [[32minfo[39m]: [32mdbConnection: Successfuly connected to DB[39m
08-06-2026 22:27:34 [[32minfo[39m]: [32mdbConnection: Successfuly connected to DB[39m
08-06-2026 22:27:34 [[32minfo[39m]: [32mdbConnection: Successfuly connected to DB[39m
08-06-2026 22:27:42 [[32minfo[39m]: [32mdbConnection: Successfuly connected to DB[39m
08-06-2026 22:27:42 [[32minfo[39m]: [32mdbConnection: Successfuly connected to DB[39m
08-06-2026 22:27:42 [[32minfo[39m]: [32mdbConnection: Successfuly connected to DB[39m
08-06-2026 22:27:42 [[32minfo[39m]: [32mdbConnection: Successfuly connected to DB[39m
08-06-2026 22:27:43 [[32minfo[39m]: [32mdbConnection: Successfuly connected to DB[39m
08-06-2026 22:27:43 [[32minfo[39m]: [32mdbConnection: Successfuly connected to DB[39m
08-06-2026 22:27:43 [[32minfo[39m]: [32mdbConnection: Successfuly connected to DB[39m
08-06-2026 22:27:43 [[32minfo[39m]: [32mdbConnection: Successfuly connected to DB[39m
08-06-2026 22:27:50 [[32minfo[39m]: [32mdbConnection: Successfuly connected to DB[39m
08-06-2026 22:27:50 [[32minfo[39m]: [32mdbConnection: Successfuly connected to DB[39m
08-06-2026 22:27:50 [[32minfo[39m]: [32mdbConnection: Successfuly connected to DB[39m
08-06-2026 22:27:50 [[32minfo[39m]: [32mdbConnection: Successfuly connected to DB[39m
08-06-2026 22:28:02 [[32minfo[39m]: [32mdbConnection: Successfuly connected to DB[39m
08-06-2026 22:28:02 [[32minfo[39m]: [32mdbConnection: Successfuly connected to DB[39m
08-06-2026 22:28:02 [[32minfo[39m]: [32mdbConnection: Successfuly connected to DB[39m
08-06-2026 22:28:02 [[32minfo[39m]: [32mdbConnection: Successfuly connected to DB[39m
08-06-2026 22:28:18 [[32minfo[39m]: [32mdbConnection: Successfuly connected to DB[39m
08-06-2026 22:28:18 [[32minfo[39m]: [32mdbConnection: Successfuly connected to DB[39m
08-06-2026 22:28:18 [[32minfo[39m]: [32mdbConnection: Successfuly connected to DB[39m
08-06-2026 22:28:19 [[32minfo[39m]: [32mdbConnection: Successfuly connected to DB[39m
08-06-2026 22:28:19 [[32minfo[39m]: [32mdbConnection: Successfuly connected to DB[39m
08-06-2026 22:28:19 [[32minfo[39m]: [32mdbConnection: Successfuly connected to DB[39m
08-06-2026 22:28:19 [[32minfo[39m]: [32mdbConnection: Successfuly connected to DB[39m
08-06-2026 22:28:22 [[32minfo[39m]: [32mdbConnection: Successfuly connected to DB[39m
08-06-2026 22:28:22 [[32minfo[39m]: [32mdbConnection: Successfuly connected to DB[39m
08-06-2026 22:28:22 [[32minfo[39m]: [32mdbConnection: Successfuly connected to DB[39m
08-06-2026 22:28:22 [[32minfo[39m]: [32mdbConnection: Successfuly connected to DB[39m
08-06-2026 22:28:30 [[32minfo[39m]: [32mdbConnection: Successfuly connected to DB[39m
08-06-2026 22:28:30 [[32minfo[39m]: [32mdbConnection: Successfuly connected to DB[39m
08-06-2026 22:28:30 [[32minfo[39m]: [32mdbConnection: Successfuly connected to DB[39m
08-06-2026 22:28:30 [[32minfo[39m]: [32mdbConnection: Successfuly connected to DB[39m
08-06-2026 22:28:35 [[32minfo[39m]: [32mdbConnection: Successfuly connected to DB[39m
08-06-2026 22:28:35 [[32minfo[39m]: [32mdbConnection: Successfuly connected to DB[39m
08-06-2026 22:28:35 [[32minfo[39m]: [32mdbConnection: Successfuly connected to DB[39m
08-06-2026 22:28:35 [[32minfo[39m]: [32mdbConnection: Successfuly connected to DB[39m
08-06-2026 22:28:51 [[32minfo[39m]: [32mdbConnection: Successfuly connected to DB[39m
08-06-2026 22:28:51 [[32minfo[39m]: [32mdbConnection: Successfuly connected to DB[39m
08-06-2026 22:28:51 [[32minfo[39m]: [32mdbConnection: Successfuly connected to DB[39m
08-06-2026 22:28:51 [[32minfo[39m]: [32mdbConnection: Successfuly connected to DB[39m
08-06-2026 22:28:56 [[32minfo[39m]: [32mdbConnection: Successfuly connected to DB[39m
08-06-2026 22:28:56 [[32minfo[39m]: [32mdbConnection: Successfuly connected to DB[39m
08-06-2026 22:28:56 [[32minfo[39m]: [32mdbConnection: Successfuly connected to DB[39m
08-06-2026 22:28:56 [[32minfo[39m]: [32mdbConnection: Successfuly connected to DB[39m
08-06-2026 22:29:00 [[32minfo[39m]: [32mdbConnection: Successfuly connected to DB[39m
08-06-2026 22:29:00 [[32minfo[39m]: [32mdbConnection: Successfuly connected to DB[39m
08-06-2026 22:29:00 [[32minfo[39m]: [32mdbConnection: Successfuly connected to DB[39m
08-06-2026 22:29:00 [[32minfo[39m]: [32mdbConnection: Successfuly connected to DB[39m
08-06-2026 22:29:06 [[32minfo[39m]: [32mdbConnection: Successfuly connected to DB[39m
08-06-2026 22:29:06 [[32minfo[39m]: [32mdbConnection: Successfuly connected to DB[39m
08-06-2026 22:29:06 [[32minfo[39m]: [32mdbConnection: Successfuly connected to DB[39m
08-06-2026 22:29:06 [[32minfo[39m]: [32mdbConnection: Successfuly connected to DB[39m
08-06-2026 22:29:10 [[32minfo[39m]: [32mdbConnection: Successfuly connected to DB[39m
08-06-2026 22:29:10 [[32minfo[39m]: [32mdbConnection: Successfuly connected to DB[39m
08-06-2026 22:29:10 [[32minfo[39m]: [32mdbConnection: Successfuly connected to DB[39m
08-06-2026 22:29:10 [[32minfo[39m]: [32mdbConnection: Successfuly connected to DB[39m
08-06-2026 22:29:13 [[32minfo[39m]: [32mdbConnection: Successfuly connected to DB[39m
08-06-2026 22:29:13 [[32minfo[39m]: [32mdbConnection: Successfuly connected to DB[39m
08-06-2026 22:29:13 [[32minfo[39m]: [32mdbConnection: Successfuly connected to DB[39m
08-06-2026 22:29:13 [[32minfo[39m]: [32mdbConnection: Successfuly connected to DB[39m
08-06-2026 22:30:02 [[32minfo[39m]: [32mdbConnection: Successfuly connected to DB[39m
08-06-2026 22:30:02 [[32minfo[39m]: [32mdbConnection: Successfuly connected to DB[39m
08-06-2026 22:30:02 [[32minfo[39m]: [32mdbConnection: Successfuly connected to DB[39m
08-06-2026 22:30:02 [[32minfo[39m]: [32mdbConnection: Successfuly connected to DB[39m
08-06-2026 22:30:06 [[32minfo[39m]: [32mdbConnection: Successfuly connected to DB[39m
08-06-2026 22:30:06 [[32minfo[39m]: [32mdbConnection: Successfuly connected to DB[39m
08-06-2026 22:30:06 [[32minfo[39m]: [32mdbConnection: Successfuly connected to DB[39m
08-06-2026 22:30:06 [[32minfo[39m]: [32mdbConnection: Successfuly connected to DB[39m
08-06-2026 22:30:18 [[32minfo[39m]: [32mdbConnection: Successfuly connected to DB[39m
08-06-2026 22:30:18 [[32minfo[39m]: [32mdbConnection: Successfuly connected to DB[39m
08-06-2026 22:30:18 [[32minfo[39m]: [32mdbConnection: Successfuly connected to DB[39m
08-06-2026 22:30:18 [[32minfo[39m]: [32mdbConnection: Successfuly connected to DB[39m
08-06-2026 22:30:22 [[32minfo[39m]: [32mdbConnection: Successfuly connected to DB[39m
08-06-2026 22:30:22 [[32minfo[39m]: [32mdbConnection: Successfuly connected to DB[39m
08-06-2026 22:30:22 [[32minfo[39m]: [32mdbConnection: Successfuly connected to DB[39m
08-06-2026 22:30:22 [[32minfo[39m]: [32mdbConnection: Successfuly connected to DB[39m
08-06-2026 22:30:23 [[32minfo[39m]: [32mdbConnection: Successfuly connected to DB[39m
08-06-2026 22:30:23 [[32minfo[39m]: [32mdbConnection: Successfuly connected to DB[39m
08-06-2026 22:30:23 [[32minfo[39m]: [32mdbConnection: Successfuly connected to DB[39m
08-06-2026 22:30:23 [[32minfo[39m]: [32mdbConnection: Successfuly connected to DB[39m
08-06-2026 22:30:26 [[32minfo[39m]: [32mdbConnection: Successfuly connected to DB[39m
08-06-2026 22:30:26 [[32minfo[39m]: [32mdbConnection: Successfuly connected to DB[39m
08-06-2026 22:30:26 [[32minfo[39m]: [32mdbConnection: Successfuly connected to DB[39m
08-06-2026 22:30:26 [[32minfo[39m]: [32mdbConnection: Successfuly connected to DB[39m
08-06-2026 22:30:31 [[32minfo[39m]: [32mdbConnection: Successfuly connected to DB[39m
08-06-2026 22:30:31 [[32minfo[39m]: [32mdbConnection: Successfuly connected to DB[39m
08-06-2026 22:30:31 [[32minfo[39m]: [32mdbConnection: Successfuly connected to DB[39m
08-06-2026 22:30:31 [[32minfo[39m]: [32mdbConnection: Successfuly connected to DB[39m
08-06-2026 22:30:37 [[32minfo[39m]: [32mdbConnection: Successfuly connected to DB[39m
08-06-2026 22:30:37 [[32minfo[39m]: [32mdbConnection: Successfuly connected to DB[39m
08-06-2026 22:30:37 [[32minfo[39m]: [32mdbConnection: Successfuly connected to DB[39m
08-06-2026 22:30:37 [[32minfo[39m]: [32mdbConnection: Successfuly connected to DB[39m
08-06-2026 22:30:41 [[32minfo[39m]: [32mdbConnection: Successfuly connected to DB[39m
08-06-2026 22:30:41 [[32minfo[39m]: [32mdbConnection: Successfuly connected to DB[39m
08-06-2026 22:30:41 [[32minfo[39m]: [32mdbConnection: Successfuly connected to DB[39m
08-06-2026 22:30:41 [[32minfo[39m]: [32mdbConnection: Successfuly connected to DB[39m
08-06-2026 22:30:48 [[32minfo[39m]: [32mdbConnection: Successfuly connected to DB[39m
08-06-2026 22:30:48 [[32minfo[39m]: [32mdbConnection: Successfuly connected to DB[39m
08-06-2026 22:30:48 [[32minfo[39m]: [32mdbConnection: Successfuly connected to DB[39m
08-06-2026 22:30:48 [[32minfo[39m]: [32mdbConnection: Successfuly connected to DB[39m
08-06-2026 22:30:53 [[32minfo[39m]: [32mdbConnection: Successfuly connected to DB[39m
08-06-2026 22:30:53 [[32minfo[39m]: [32mdbConnection: Successfuly connected to DB[39m
08-06-2026 22:30:53 [[32minfo[39m]: [32mdbConnection: Successfuly connected to DB[39m
08-06-2026 22:30:53 [[32minfo[39m]: [32mdbConnection: Successfuly connected to DB[39m
08-06-2026 22:30:56 [[32minfo[39m]: [32mdbConnection: Successfuly connected to DB[39m
08-06-2026 22:30:56 [[32minfo[39m]: [32mdbConnection: Successfuly connected to DB[39m
08-06-2026 22:30:56 [[32minfo[39m]: [32mdbConnection: Successfuly connected to DB[39m
08-06-2026 22:30:56 [[32minfo[39m]: [32mdbConnection: Successfuly connected to DB[39m
08-06-2026 22:30:58 [[32minfo[39m]: [32mdbConnection: Successfuly connected to DB[39m
08-06-2026 22:30:58 [[32minfo[39m]: [32mdbConnection: Successfuly connected to DB[39m
08-06-2026 22:30:58 [[32minfo[39m]: [32mdbConnection: Successfuly connected to DB[39m
08-06-2026 22:30:58 [[32minfo[39m]: [32mdbConnection: Successfuly connected to DB[39m
08-06-2026 22:31:02 [[32minfo[39m]: [32mdbConnection: Successfuly connected to DB[39m
08-06-2026 22:31:02 [[32minfo[39m]: [32mdbConnection: Successfuly connected to DB[39m
08-06-2026 22:31:02 [[32minfo[39m]: [32mdbConnection: Successfuly connected to DB[39m
08-06-2026 22:31:02 [[32minfo[39m]: [32mdbConnection: Successfuly connected to DB[39m
08-06-2026 22:31:07 [[32minfo[39m]: [32mdbConnection: Successfuly connected to DB[39m
08-06-2026 22:31:07 [[32minfo[39m]: [32mdbConnection: Successfuly connected to DB[39m
08-06-2026 22:31:07 [[32minfo[39m]: [32mdbConnection: Successfuly connected to DB[39m
08-06-2026 22:31:07 [[32minfo[39m]: [32mdbConnection: Successfuly connected to DB[39m
08-06-2026 22:31:10 [[32minfo[39m]: [32mdbConnection: Successfuly connected to DB[39m
08-06-2026 22:31:10 [[32minfo[39m]: [32mdbConnection: Successfuly connected to DB[39m
08-06-2026 22:31:10 [[32minfo[39m]: [32mdbConnection: Successfuly connected to DB[39m
08-06-2026 22:31:10 [[32minfo[39m]: [32mdbConnection: Successfuly connected to DB[39m
08-06-2026 22:31:12 [[32minfo[39m]: [32mdbConnection: Successfuly connected to DB[39m
08-06-2026 22:31:12 [[32minfo[39m]: [32mdbConnection: Successfuly connected to DB[39m
08-06-2026 22:31:12 [[32minfo[39m]: [32mdbConnection: Successfuly connected to DB[39m
08-06-2026 22:31:12 [[32minfo[39m]: [32mdbConnection: Successfuly connected to DB[39m
08-06-2026 22:31:15 [[32minfo[39m]: [32mdbConnection: Successfuly connected to DB[39m
08-06-2026 22:31:15 [[32minfo[39m]: [32mdbConnection: Successfuly connected to DB[39m
08-06-2026 22:31:15 [[32minfo[39m]: [32mdbConnection: Successfuly connected to DB[39m
08-06-2026 22:31:15 [[32minfo[39m]: [32mdbConnection: Successfuly connected to DB[39m
08-06-2026 22:31:19 [[32minfo[39m]: [32mdbConnection: Successfuly connected to DB[39m
08-06-2026 22:31:19 [[32minfo[39m]: [32mdbConnection: Successfuly connected to DB[39m
08-06-2026 22:31:19 [[32minfo[39m]: [32mdbConnection: Successfuly connected to DB[39m
08-06-2026 22:31:19 [[32minfo[39m]: [32mdbConnection: Successfuly connected to DB[39m
08-06-2026 22:31:27 [[32minfo[39m]: [32mdbConnection: Successfuly connected to DB[39m
08-06-2026 22:31:27 [[32minfo[39m]: [32mdbConnection: Successfuly connected to DB[39m
08-06-2026 22:31:27 [[32minfo[39m]: [32mdbConnection: Successfuly connected to DB[39m
08-06-2026 22:31:27 [[32minfo[39m]: [32mdbConnection: Successfuly connected to DB[39m
08-06-2026 22:34:20 [[32minfo[39m]: [32mdbConnection: Successfuly connected to DB[39m
08-06-2026 22:34:20 [[32minfo[39m]: [32mdbConnection: Successfuly connected to DB[39m
08-06-2026 22:34:20 [[32minfo[39m]: [32mdbConnection: Successfuly connected to DB[39m
08-06-2026 22:34:20 [[32minfo[39m]: [32mdbConnection: Successfuly connected to DB[39m
08-06-2026 22:34:29 [[32minfo[39m]: [32mdbConnection: Successfuly connected to DB[39m
08-06-2026 22:34:29 [[32minfo[39m]: [32mdbConnection: Successfuly connected to DB[39m
08-06-2026 22:34:29 [[32minfo[39m]: [32mdbConnection: Successfuly connected to DB[39m
08-06-2026 22:34:29 [[32minfo[39m]: [32mdbConnection: Successfuly connected to DB[39m
08-06-2026 22:34:34 [[32minfo[39m]: [32mdbConnection: Successfuly connected to DB[39m
08-06-2026 22:34:34 [[32minfo[39m]: [32mdbConnection: Successfuly connected to DB[39m
08-06-2026 22:34:34 [[32minfo[39m]: [32mdbConnection: Successfuly connected to DB[39m
08-06-2026 22:34:34 [[32minfo[39m]: [32mdbConnection: Successfuly connected to DB[39m
08-06-2026 22:34:39 [[32minfo[39m]: [32mdbConnection: Successfuly connected to DB[39m
08-06-2026 22:34:39 [[32minfo[39m]: [32mdbConnection: Successfuly connected to DB[39m
08-06-2026 22:34:39 [[32minfo[39m]: [32mdbConnection: Successfuly connected to DB[39m
08-06-2026 22:34:39 [[32minfo[39m]: [32mdbConnection: Successfuly connected to DB[39m
08-06-2026 22:34:41 [[32minfo[39m]: [32mdbConnection: Successfuly connected to DB[39m
08-06-2026 22:34:41 [[32minfo[39m]: [32mdbConnection: Successfuly connected to DB[39m
08-06-2026 22:34:41 [[32minfo[39m]: [32mdbConnection: Successfuly connected to DB[39m
08-06-2026 22:34:41 [[32minfo[39m]: [32mdbConnection: Successfuly connected to DB[39m
08-06-2026 22:34:46 [[32minfo[39m]: [32mdbConnection: Successfuly connected to DB[39m
08-06-2026 22:34:46 [[32minfo[39m]: [32mdbConnection: Successfuly connected to DB[39m
08-06-2026 22:34:46 [[32minfo[39m]: [32mdbConnection: Successfuly connected to DB[39m
08-06-2026 22:34:46 [[32minfo[39m]: [32mdbConnection: Successfuly connected to DB[39m
08-06-2026 22:35:33 [[32minfo[39m]: [32mdbConnection: Successfuly connected to DB[39m
08-06-2026 22:35:33 [[32minfo[39m]: [32mdbConnection: Successfuly connected to DB[39m
08-06-2026 22:35:33 [[32minfo[39m]: [32mdbConnection: Successfuly connected to DB[39m
08-06-2026 22:35:33 [[32minfo[39m]: [32mdbConnection: Successfuly connected to DB[39m
08-06-2026 22:36:19 [[32minfo[39m]: [32mdbConnection: Successfuly connected to DB[39m
08-06-2026 22:36:19 [[32minfo[39m]: [32mdbConnection: Successfuly connected to DB[39m
08-06-2026 22:36:19 [[32minfo[39m]: [32mdbConnection: Successfuly connected to DB[39m
08-06-2026 22:36:19 [[32minfo[39m]: [32mdbConnection: Successfuly connected to DB[39m
08-06-2026 22:36:24 [[32minfo[39m]: [32mdbConnection: Successfuly connected to DB[39m
08-06-2026 22:36:24 [[32minfo[39m]: [32mdbConnection: Successfuly connected to DB[39m
08-06-2026 22:36:24 [[32minfo[39m]: [32mdbConnection: Successfuly connected to DB[39m
08-06-2026 22:36:24 [[32minfo[39m]: [32mdbConnection: Successfuly connected to DB[39m
08-06-2026 22:36:27 [[32minfo[39m]: [32mdbConnection: Successfuly connected to DB[39m
08-06-2026 22:36:27 [[32minfo[39m]: [32mdbConnection: Successfuly connected to DB[39m
08-06-2026 22:36:27 [[32minfo[39m]: [32mdbConnection: Successfuly connected to DB[39m
08-06-2026 22:36:27 [[32minfo[39m]: [32mdbConnection: Successfuly connected to DB[39m
08-06-2026 22:36:34 [[32minfo[39m]: [32mdbConnection: Successfuly connected to DB[39m
08-06-2026 22:36:34 [[32minfo[39m]: [32mdbConnection: Successfuly connected to DB[39m
08-06-2026 22:36:34 [[32minfo[39m]: [32mdbConnection: Successfuly connected to DB[39m
08-06-2026 22:36:34 [[32minfo[39m]: [32mdbConnection: Successfuly connected to DB[39m
08-06-2026 22:37:45 [[32minfo[39m]: [32mdbConnection: Successfuly connected to DB[39m
08-06-2026 22:37:45 [[32minfo[39m]: [32mdbConnection: Successfuly connected to DB[39m
08-06-2026 22:37:45 [[32minfo[39m]: [32mdbConnection: Successfuly connected to DB[39m
08-06-2026 22:37:45 [[32minfo[39m]: [32mdbConnection: Successfuly connected to DB[39m
08-06-2026 22:37:50 [[32minfo[39m]: [32mdbConnection: Successfuly connected to DB[39m
08-06-2026 22:37:51 [[32minfo[39m]: [32mdbConnection: Successfuly connected to DB[39m
08-06-2026 22:37:51 [[32minfo[39m]: [32mdbConnection: Successfuly connected to DB[39m
08-06-2026 22:37:51 [[32minfo[39m]: [32mdbConnection: Successfuly connected to DB[39m
08-06-2026 22:37:55 [[32minfo[39m]: [32mdbConnection: Successfuly connected to DB[39m
08-06-2026 22:37:55 [[32minfo[39m]: [32mdbConnection: Successfuly connected to DB[39m
08-06-2026 22:37:55 [[32minfo[39m]: [32mdbConnection: Successfuly connected to DB[39m
08-06-2026 22:37:55 [[32minfo[39m]: [32mdbConnection: Successfuly connected to DB[39m
08-06-2026 22:38:03 [[32minfo[39m]: [32mdbConnection: Successfuly connected to DB[39m
08-06-2026 22:38:03 [[32minfo[39m]: [32mdbConnection: Successfuly connected to DB[39m
08-06-2026 22:38:03 [[32minfo[39m]: [32mdbConnection: Successfuly connected to DB[39m
08-06-2026 22:38:03 [[32minfo[39m]: [32mdbConnection: Successfuly connected to DB[39m
08-06-2026 22:38:07 [[32minfo[39m]: [32mdbConnection: Successfuly connected to DB[39m
08-06-2026 22:38:07 [[32minfo[39m]: [32mdbConnection: Successfuly connected to DB[39m
08-06-2026 22:38:07 [[32minfo[39m]: [32mdbConnection: Successfuly connected to DB[39m
08-06-2026 22:38:07 [[32minfo[39m]: [32mdbConnection: Successfuly connected to DB[39m
08-06-2026 22:38:13 [[32minfo[39m]: [32mdbConnection: Successfuly connected to DB[39m
08-06-2026 22:38:13 [[32minfo[39m]: [32mdbConnection: Successfuly connected to DB[39m
08-06-2026 22:38:13 [[32minfo[39m]: [32mdbConnection: Successfuly connected to DB[39m
08-06-2026 22:38:13 [[32minfo[39m]: [32mdbConnection: Successfuly connected to DB[39m
08-06-2026 22:39:10 [[32minfo[39m]: [32mdbConnection: Successfuly connected to DB[39m
08-06-2026 22:39:10 [[32minfo[39m]: [32mdbConnection: Successfuly connected to DB[39m
08-06-2026 22:39:10 [[32minfo[39m]: [32mdbConnection: Successfuly connected to DB[39m
08-06-2026 22:39:11 [[32minfo[39m]: [32mdbConnection: Successfuly connected to DB[39m
08-06-2026 22:41:16 [[32minfo[39m]: [32mUsersAuthService: User Chen logged in[39m
08-06-2026 22:44:22 [[33mwarn[39m]: [33mUsersAuthService: Invalid user or password[39m
08-06-2026 22:46:00 [[32minfo[39m]: [32mdbConnection: Successfuly connected to DB[39m
08-06-2026 22:46:00 [[32minfo[39m]: [32mdbConnection: Successfuly connected to DB[39m
08-06-2026 22:46:01 [[32minfo[39m]: [32mdbConnection: Successfuly connected to DB[39m
08-06-2026 22:46:01 [[32minfo[39m]: [32mdbConnection: Successfuly connected to DB[39m
08-06-2026 22:46:23 [[32minfo[39m]: [32mdbConnection: Successfuly connected to DB[39m
09-06-2026 06:43:36 [[32minfo[39m]: [32mdbConnection: Successfully connected to db[39m
09-06-2026 06:44:21 [[33mwarn[39m]: [33mUsersAuthService: Invalid user or password[39m
09-06-2026 06:44:30 [[32minfo[39m]: [32mUsersAuthService: User Chen logged in[39m
09-06-2026 06:45:27 [[32minfo[39m]: [32mUsersAuthService: User Test logged in[39m
09-06-2026 06:54:57 [[32minfo[39m]: [32mUsersAuthService: User Test logged in[39m
09-06-2026 06:55:23 [[32minfo[39m]: [32mUsersAuthService: User Test logged in[39m
~09-06-2026 08:05:31 [[32minfo[39m]: [32mdbConnection: Successfully connected to db[39m
09-06-2026 08:07:07 [[32minfo[39m]: [32mdbConnection: Successfully connected to db[39m
09-06-2026 09:15:43 [[32minfo[39m]: [32mdbConnection: Successfully connected to db[39m
09-06-2026 09:16:11 [[32minfo[39m]: [32mdbConnection: Successfully connected to db[39m
09-06-2026 09:16:14 [[32minfo[39m]: [32mdbConnection: Successfully connected to db[39m
09-06-2026 09:16:17 [[32minfo[39m]: [32mdbConnection: Successfully connected to db[39m
09-06-2026 09:16:23 [[32minfo[39m]: [32mdbConnection: Successfully connected to db[39m
09-06-2026 10:47:38 [[32minfo[39m]: [32mdbConnection: Successfully connected to db[39m
09-06-2026 10:49:37 [[32minfo[39m]: [32mUsersAuthService: User Chen logged in[39m
09-06-2026 10:50:05 [[32minfo[39m]: [32mdbConnection: Successfully connected to db[39m
09-06-2026 12:46:20 [[32minfo[39m]: [32mdbConnection: Successfully connected to db[39m
09-06-2026 12:48:08 [[32minfo[39m]: [32mdbConnection: Successfully connected to db[39m
09-06-2026 13:33:06 [[32minfo[39m]: [32mdbConnection: Successfully connected to db[39m
09-06-2026 13:33:25 [[32minfo[39m]: [32mUsersAuthService: User Chen logged in[39m
09-06-2026 13:35:34 [[32minfo[39m]: [32mdbConnection: Successfully connected to db[39m
09-06-2026 19:07:54 [[32minfo[39m]: [32mdbConnection:: Successfully connected to db[39m
09-06-2026 19:08:34 [[32minfo[39m]: [32mUsersInfoService:: User Chen found[39m
09-06-2026 19:08:42 [[32minfo[39m]: [32mUsersInfoService:: User Daniel found[39m
09-06-2026 19:08:48 [[32minfo[39m]: [32mUsersInfoService:: Users found:7[39m
09-06-2026 19:09:14 [[32minfo[39m]: [32mUsersInfoService:: User Test deleted successfully[39m
09-06-2026 19:09:31 [[32minfo[39m]: [32mUsersInfoService:: Users found:6[39m
09-06-2026 19:10:10 [[31merror[39m]: [31mUsersInfoService:: Invalid 20 ID[39m
09-06-2026 19:30:45 [[32minfo[39m]: [32mdbConnection:: Successfully connected to db[39m
09-06-2026 19:31:47 [[32minfo[39m]: [32mdbConnection:: Successfully connected to db[39m
09-06-2026 19:34:55 [[32minfo[39m]: [32mdbConnection:: Successfully connected to db[39m
09-06-2026 19:34:56 [[32minfo[39m]: [32mdbConnection:: Successfully connected to db[39m
09-06-2026 19:35:55 [[32minfo[39m]: [32mdbConnection:: Successfully connected to db[39m
09-06-2026 19:49:54 [[32minfo[39m]: [32mdbConnection:: Successfully connected to db[39m
09-06-2026 19:51:22 [[32minfo[39m]: [32mdbConnection:: Successfully connected to db[39m
09-06-2026 22:02:20 [[32minfo[39m]: [32mdbConnection:: Successfully connected to db[39m
13-06-2026 00:12:19 [[32minfo[39m]: [32mdbConnection:: Successfully connected to db[39m
13-06-2026 00:12:19 [[32minfo[39m]: [32mDB: Database connected successfully[39m
13-06-2026 00:12:19 [[32minfo[39m]: [32mDB: Server is running on http://localhost:2001[39m
13-06-2026 00:13:12 [[32minfo[39m]: [32mDBConnection:: Successfully connected to db[39m
13-06-2026 00:13:12 [[32minfo[39m]: [32mDB: Database connected successfully[39m
13-06-2026 00:13:12 [[32minfo[39m]: [32mDB: Server is running on http://localhost:2001[39m
13-06-2026 00:13:17 [[32minfo[39m]: [32mDB: Successfully connected to db[39m
13-06-2026 00:13:17 [[32minfo[39m]: [32mDB: Database connected successfully[39m
13-06-2026 00:13:17 [[32minfo[39m]: [32mDB: Server is running on http://localhost:2001[39m
13-06-2026 00:14:21 [[32minfo[39m]: [32mDB: Successfully connected to db[39m
13-06-2026 00:14:21 [[32minfo[39m]: [32mDB: Database connected successfully[39m
13-06-2026 00:14:25 [[32minfo[39m]: [32mDB: Successfully connected to db[39m
13-06-2026 00:14:29 [[32minfo[39m]: [32mDB: Successfully connected to db[39m
13-06-2026 00:14:31 [[32minfo[39m]: [32mDB: Successfully connected to db[39m
13-06-2026 00:15:04 [[32minfo[39m]: [32mDB: Successfully connected to db[39m
13-06-2026 00:15:21 [[32minfo[39m]: [32mDB: Successfully connected to db[39m
13-06-2026 00:15:33 [[32minfo[39m]: [32mDB: Successfully connected to db[39m
13-06-2026 00:15:35 [[32minfo[39m]: [32mDB: Successfully connected to db[39m
13-06-2026 00:16:00 [[32minfo[39m]: [32mDB: Successfully connected to db[39m
13-06-2026 00:16:05 [[32minfo[39m]: [32mDB: Successfully connected to db[39m
13-06-2026 00:16:11 [[32minfo[39m]: [32mDB: Successfully connected to db[39m
13-06-2026 00:16:15 [[32minfo[39m]: [32mDB: Successfully connected to db[39m
13-06-2026 00:16:17 [[32minfo[39m]: [32mDB: Successfully connected to db[39m
13-06-2026 00:16:31 [[32minfo[39m]: [32mDB: Successfully connected to db[39m
13-06-2026 00:16:34 [[32minfo[39m]: [32mDB: Successfully connected to db[39m
13-06-2026 00:17:49 [[32minfo[39m]: [32mDB: Successfully connected to db[39m
13-06-2026 00:17:57 [[32minfo[39m]: [32mDB: Successfully connected to db[39m
13-06-2026 00:18:13 [[32minfo[39m]: [32mDB: Successfully connected to db[39m
13-06-2026 00:19:19 [[32minfo[39m]: [32mDB: Successfully connected to db[39m
13-06-2026 00:19:35 [[32minfo[39m]: [32mDB: Successfully connected to db[39m
13-06-2026 00:21:18 [[32minfo[39m]: [32mDB: Successfully connected to db[39m
13-06-2026 00:21:26 [[32minfo[39m]: [32mDB: Successfully connected to db[39m
13-06-2026 00:21:29 [[32minfo[39m]: [32mDB: Successfully connected to db[39m
13-06-2026 00:21:33 [[32minfo[39m]: [32mDB: Successfully connected to db[39m
13-06-2026 00:21:37 [[32minfo[39m]: [32mDB: Successfully connected to db[39m
13-06-2026 00:21:39 [[32minfo[39m]: [32mDB: Successfully connected to db[39m
13-06-2026 00:21:48 [[32minfo[39m]: [32mDB: Successfully connected to db[39m
13-06-2026 00:21:49 [[32minfo[39m]: [32mDB: Successfully connected to db[39m
13-06-2026 00:21:55 [[32minfo[39m]: [32mDB: Successfully connected to db[39m
13-06-2026 00:22:16 [[32minfo[39m]: [32mDB: Successfully connected to db[39m
13-06-2026 00:22:18 [[32minfo[39m]: [32mDB: Successfully connected to db[39m
13-06-2026 00:22:23 [[32minfo[39m]: [32mDB: Successfully connected to db[39m
13-06-2026 00:22:29 [[32minfo[39m]: [32mDB: Successfully connected to db[39m
13-06-2026 00:22:43 [[32minfo[39m]: [32mDB: Successfully connected to db[39m
13-06-2026 00:22:46 [[32minfo[39m]: [32mDB: Successfully connected to db[39m
13-06-2026 00:22:51 [[32minfo[39m]: [32mDB: Successfully connected to db[39m
13-06-2026 00:23:11 [[32minfo[39m]: [32mDB: Successfully connected to db[39m
13-06-2026 00:23:16 [[32minfo[39m]: [32mDB: Successfully connected to db[39m
13-06-2026 00:23:21 [[32minfo[39m]: [32mDB: Successfully connected to db[39m
13-06-2026 00:23:24 [[32minfo[39m]: [32mDB: Successfully connected to db[39m
13-06-2026 00:23:28 [[32minfo[39m]: [32mDB: Successfully connected to db[39m
13-06-2026 00:23:39 [[32minfo[39m]: [32mDB: Successfully connected to db[39m
13-06-2026 00:23:53 [[32minfo[39m]: [32mDB: Successfully connected to db[39m
13-06-2026 00:23:58 [[32minfo[39m]: [32mDB: Successfully connected to db[39m
13-06-2026 00:24:00 [[32minfo[39m]: [32mDB: Successfully connected to db[39m
13-06-2026 00:24:11 [[32minfo[39m]: [32mDB: Successfully connected to db[39m
13-06-2026 00:24:16 [[32minfo[39m]: [32mDB: Successfully connected to db[39m
13-06-2026 00:24:18 [[32minfo[39m]: [32mDB: Successfully connected to db[39m
13-06-2026 00:24:35 [[32minfo[39m]: [32mDB: Successfully connected to db[39m
13-06-2026 00:24:48 [[32minfo[39m]: [32mDB: Successfully connected to db[39m
13-06-2026 00:25:02 [[32minfo[39m]: [32mDB: Successfully connected to db[39m
13-06-2026 00:25:06 [[32minfo[39m]: [32mDB: Successfully connected to db[39m
13-06-2026 00:25:08 [[32minfo[39m]: [32mDB: Successfully connected to db[39m
13-06-2026 00:25:14 [[32minfo[39m]: [32mDB: Successfully connected to db[39m
13-06-2026 00:25:23 [[32minfo[39m]: [32mDB: Successfully connected to db[39m
13-06-2026 00:25:34 [[32minfo[39m]: [32mDB: Successfully connected to db[39m
13-06-2026 00:25:37 [[32minfo[39m]: [32mDB: Successfully connected to db[39m
13-06-2026 00:25:43 [[32minfo[39m]: [32mDB: Successfully connected to db[39m
13-06-2026 00:25:46 [[32minfo[39m]: [32mDB: Successfully connected to db[39m
13-06-2026 00:25:58 [[32minfo[39m]: [32mDB: Successfully connected to db[39m
13-06-2026 00:26:09 [[32minfo[39m]: [32mDB: Successfully connected to db[39m
13-06-2026 00:26:18 [[32minfo[39m]: [32mDB: Successfully connected to db[39m
13-06-2026 00:26:23 [[32minfo[39m]: [32mDB: Successfully connected to db[39m
13-06-2026 00:26:25 [[32minfo[39m]: [32mDB: Successfully connected to db[39m
13-06-2026 00:26:27 [[32minfo[39m]: [32mDB: Successfully connected to db[39m
13-06-2026 00:26:43 [[32minfo[39m]: [32mDB: Successfully connected to db[39m
13-06-2026 00:27:05 [[32minfo[39m]: [32mDB: Successfully connected to db[39m
13-06-2026 00:27:09 [[32minfo[39m]: [32mDB: Successfully connected to db[39m
13-06-2026 00:27:10 [[32minfo[39m]: [32mDB: Successfully connected to db[39m
13-06-2026 00:27:12 [[32minfo[39m]: [32mDB: Successfully connected to db[39m
13-06-2026 00:27:17 [[32minfo[39m]: [32mDB: Successfully connected to db[39m
13-06-2026 00:27:19 [[32minfo[39m]: [32mDB: Successfully connected to db[39m
13-06-2026 00:27:23 [[32minfo[39m]: [32mDB: Successfully connected to db[39m
13-06-2026 00:28:23 [[32minfo[39m]: [32mDB: Successfully connected to db[39m
13-06-2026 00:28:26 [[32minfo[39m]: [32mDB: Successfully connected to db[39m
13-06-2026 00:28:28 [[32minfo[39m]: [32mDB: Successfully connected to db[39m
13-06-2026 00:28:30 [[32minfo[39m]: [32mDB: Successfully connected to db[39m
13-06-2026 00:28:43 [[32minfo[39m]: [32mDB: Successfully connected to db[39m
13-06-2026 00:28:51 [[32minfo[39m]: [32mDB: Successfully connected to db[39m
13-06-2026 00:29:07 [[32minfo[39m]: [32mDB: Successfully connected to db[39m
13-06-2026 00:29:10 [[32minfo[39m]: [32mDB: Successfully connected to db[39m
13-06-2026 00:29:14 [[32minfo[39m]: [32mDB: Successfully connected to db[39m
13-06-2026 00:29:20 [[32minfo[39m]: [32mDB: Successfully connected to db[39m
13-06-2026 00:29:30 [[32minfo[39m]: [32mDB: Successfully connected to db[39m
13-06-2026 00:29:36 [[32minfo[39m]: [32mDB: Successfully connected to db[39m
13-06-2026 00:29:51 [[32minfo[39m]: [32mDB: Successfully connected to db[39m
13-06-2026 00:30:01 [[32minfo[39m]: [32mDB: Successfully connected to db[39m
13-06-2026 00:30:08 [[32minfo[39m]: [32mDB: Successfully connected to db[39m
13-06-2026 00:30:10 [[32minfo[39m]: [32mDB: Successfully connected to db[39m
13-06-2026 00:31:59 [[32minfo[39m]: [32mDB: Successfully connected to db[39m
13-06-2026 00:32:08 [[32minfo[39m]: [32mDB: Successfully connected to db[39m
13-06-2026 00:32:13 [[32minfo[39m]: [32mDB: Successfully connected to db[39m
13-06-2026 00:32:15 [[32minfo[39m]: [32mDB: Successfully connected to db[39m
13-06-2026 00:32:30 [[32minfo[39m]: [32mDB: Successfully connected to db[39m
13-06-2026 00:32:35 [[32minfo[39m]: [32mDB: Successfully connected to db[39m
13-06-2026 00:32:56 [[32minfo[39m]: [32mDB: Successfully connected to db[39m
13-06-2026 00:33:02 [[32minfo[39m]: [32mDB: Successfully connected to db[39m
13-06-2026 00:33:36 [[32minfo[39m]: [32mDB: Successfully connected to db[39m
13-06-2026 00:33:38 [[32minfo[39m]: [32mDB: Successfully connected to db[39m
13-06-2026 00:33:39 [[32minfo[39m]: [32mDB: Successfully connected to db[39m
13-06-2026 00:33:42 [[32minfo[39m]: [32mDB: Successfully connected to db[39m
13-06-2026 00:34:25 [[32minfo[39m]: [32mDB: Successfully connected to db[39m
13-06-2026 00:35:05 [[32minfo[39m]: [32mDB: Successfully connected to db[39m
13-06-2026 00:35:35 [[32minfo[39m]: [32mDB: Successfully connected to db[39m
13-06-2026 00:36:14 [[32minfo[39m]: [32mDB: Successfully connected to db[39m
13-06-2026 00:37:10 [[32minfo[39m]: [32mDB: Successfully connected to db[39m
13-06-2026 00:37:14 [[32minfo[39m]: [32mDB: Successfully connected to db[39m
13-06-2026 00:37:17 [[32minfo[39m]: [32mDB: Successfully connected to db[39m
13-06-2026 00:37:33 [[32minfo[39m]: [32mDB: Successfully connected to db[39m
13-06-2026 00:37:41 [[32minfo[39m]: [32mDB: Successfully connected to db[39m
13-06-2026 00:37:53 [[32minfo[39m]: [32mDB: Successfully connected to db[39m
13-06-2026 00:37:56 [[32minfo[39m]: [32mDB: Successfully connected to db[39m
13-06-2026 00:38:33 [[32minfo[39m]: [32mDB: Successfully connected to db[39m
13-06-2026 00:38:54 [[32minfo[39m]: [32mDB: Successfully connected to db[39m
13-06-2026 00:39:06 [[32minfo[39m]: [32mDB: Successfully connected to db[39m
13-06-2026 00:39:13 [[32minfo[39m]: [32mDB: Successfully connected to db[39m
13-06-2026 00:39:54 [[32minfo[39m]: [32mDB: Successfully connected to db[39m
13-06-2026 00:40:57 [[32minfo[39m]: [32mDB: Successfully connected to db[39m
13-06-2026 00:41:49 [[32minfo[39m]: [32mDB: Successfully connected to db[39m
13-06-2026 00:41:56 [[32minfo[39m]: [32mDB: Successfully connected to db[39m
13-06-2026 00:42:08 [[32minfo[39m]: [32mDB: Successfully connected to db[39m
13-06-2026 00:42:25 [[32minfo[39m]: [32mDB: Successfully connected to db[39m
13-06-2026 00:43:14 [[32minfo[39m]: [32mDB: Successfully connected to db[39m
13-06-2026 00:43:16 [[32minfo[39m]: [32mDB: Successfully connected to db[39m
13-06-2026 00:43:25 [[32minfo[39m]: [32mDB: Successfully connected to db[39m
13-06-2026 00:43:28 [[32minfo[39m]: [32mDB: Successfully connected to db[39m
13-06-2026 00:43:32 [[32minfo[39m]: [32mDB: Successfully connected to db[39m
13-06-2026 00:43:49 [[32minfo[39m]: [32mDB: Successfully connected to db[39m
13-06-2026 00:43:50 [[32minfo[39m]: [32mDB: Successfully connected to db[39m
13-06-2026 00:43:55 [[32minfo[39m]: [32mDB: Successfully connected to db[39m
13-06-2026 00:43:59 [[32minfo[39m]: [32mDB: Successfully connected to db[39m
13-06-2026 00:44:03 [[32minfo[39m]: [32mDB: Successfully connected to db[39m
13-06-2026 00:44:10 [[32minfo[39m]: [32mDB: Successfully connected to db[39m
13-06-2026 00:44:13 [[32minfo[39m]: [32mDB: Successfully connected to db[39m
13-06-2026 00:44:19 [[32minfo[39m]: [32mDB: Successfully connected to db[39m
13-06-2026 00:44:24 [[32minfo[39m]: [32mDB: Successfully connected to db[39m
13-06-2026 00:44:27 [[32minfo[39m]: [32mDB: Successfully connected to db[39m
13-06-2026 00:44:34 [[32minfo[39m]: [32mDB: Successfully connected to db[39m
13-06-2026 00:44:42 [[32minfo[39m]: [32mDB: Successfully connected to db[39m
13-06-2026 00:44:58 [[32minfo[39m]: [32mDB: Successfully connected to db[39m
13-06-2026 00:45:03 [[32minfo[39m]: [32mDB: Successfully connected to db[39m
13-06-2026 00:45:13 [[32minfo[39m]: [32mDB: Successfully connected to db[39m
13-06-2026 00:45:55 [[32minfo[39m]: [32mDB: Successfully connected to db[39m
13-06-2026 00:46:02 [[32minfo[39m]: [32mDB: Successfully connected to db[39m
13-06-2026 00:46:11 [[32minfo[39m]: [32mDB: Successfully connected to db[39m
13-06-2026 00:46:14 [[32minfo[39m]: [32mDB: Successfully connected to db[39m
13-06-2026 00:46:33 [[32minfo[39m]: [32mDB: Successfully connected to db[39m
13-06-2026 00:46:37 [[32minfo[39m]: [32mDB: Successfully connected to db[39m
13-06-2026 00:46:54 [[32minfo[39m]: [32mDB: Successfully connected to db[39m
13-06-2026 00:46:58 [[32minfo[39m]: [32mDB: Successfully connected to db[39m
13-06-2026 00:47:05 [[32minfo[39m]: [32mDB: Successfully connected to db[39m
13-06-2026 00:47:25 [[32minfo[39m]: [32mDB: Successfully connected to db[39m
13-06-2026 00:47:27 [[32minfo[39m]: [32mDB: Successfully connected to db[39m
13-06-2026 00:47:32 [[32minfo[39m]: [32mDB: Successfully connected to db[39m
13-06-2026 00:47:35 [[32minfo[39m]: [32mDB: Successfully connected to db[39m
13-06-2026 00:47:41 [[32minfo[39m]: [32mDB: Successfully connected to db[39m
13-06-2026 00:47:52 [[32minfo[39m]: [32mDB: Successfully connected to db[39m
13-06-2026 00:48:05 [[32minfo[39m]: [32mDB: Successfully connected to db[39m
13-06-2026 00:48:06 [[32minfo[39m]: [32mDB: Successfully connected to db[39m
13-06-2026 00:48:18 [[32minfo[39m]: [32mDB: Successfully connected to db[39m
13-06-2026 00:48:22 [[32minfo[39m]: [32mDB: Successfully connected to db[39m
13-06-2026 00:48:27 [[32minfo[39m]: [32mDB: Successfully connected to db[39m
13-06-2026 00:48:39 [[32minfo[39m]: [32mDB: Successfully connected to db[39m
13-06-2026 00:48:44 [[32minfo[39m]: [32mDB: Successfully connected to db[39m
13-06-2026 00:48:54 [[32minfo[39m]: [32mDB: Successfully connected to db[39m
13-06-2026 00:48:55 [[32minfo[39m]: [32mDB: Successfully connected to db[39m
13-06-2026 00:48:58 [[32minfo[39m]: [32mDB: Successfully connected to db[39m
13-06-2026 00:49:01 [[32minfo[39m]: [32mDB: Successfully connected to db[39m
13-06-2026 00:49:07 [[32minfo[39m]: [32mDB: Successfully connected to db[39m
13-06-2026 00:49:52 [[32minfo[39m]: [32mDB: Successfully connected to db[39m
13-06-2026 00:50:13 [[32minfo[39m]: [32mDB: Successfully connected to db[39m
13-06-2026 00:50:15 [[32minfo[39m]: [32mDB: Successfully connected to db[39m
13-06-2026 00:50:46 [[32minfo[39m]: [32mDB: Successfully connected to db[39m
13-06-2026 00:51:36 [[32minfo[39m]: [32mDB: Successfully connected to db[39m
13-06-2026 00:51:38 [[32minfo[39m]: [32mDB: Successfully connected to db[39m
13-06-2026 00:52:06 [[32minfo[39m]: [32mDB: Successfully connected to db[39m
13-06-2026 00:53:23 [[32minfo[39m]: [32mDB: Successfully connected to db[39m
13-06-2026 00:54:37 [[32minfo[39m]: [32mDB: Successfully connected to db[39m
13-06-2026 00:54:45 [[32minfo[39m]: [32mDB: Successfully connected to db[39m
13-06-2026 00:54:50 [[32minfo[39m]: [32mDB: Successfully connected to db[39m
13-06-2026 00:55:05 [[32minfo[39m]: [32mDB: Successfully connected to db[39m
13-06-2026 00:55:09 [[32minfo[39m]: [32mDB: Successfully connected to db[39m
13-06-2026 00:55:18 [[32minfo[39m]: [32mDB: Successfully connected to db[39m
13-06-2026 00:55:24 [[32minfo[39m]: [32mDB: Successfully connected to db[39m
13-06-2026 00:56:02 [[32minfo[39m]: [32mDB: Successfully connected to db[39m
13-06-2026 00:56:06 [[32minfo[39m]: [32mDB: Successfully connected to db[39m
13-06-2026 00:56:14 [[32minfo[39m]: [32mDB: Successfully connected to db[39m
13-06-2026 00:56:28 [[32minfo[39m]: [32mDB: Successfully connected to db[39m
13-06-2026 00:56:33 [[32minfo[39m]: [32mDB: Successfully connected to db[39m
13-06-2026 00:56:55 [[32minfo[39m]: [32mDB: Successfully connected to db[39m
13-06-2026 00:58:23 [[32minfo[39m]: [32mDB: Successfully connected to db[39m
13-06-2026 00:58:26 [[32minfo[39m]: [32mDB: Successfully connected to db[39m
13-06-2026 00:59:20 [[32minfo[39m]: [32mDB: Successfully connected to db[39m
13-06-2026 00:59:24 [[32minfo[39m]: [32mDB: Successfully connected to db[39m
13-06-2026 00:59:35 [[32minfo[39m]: [32mDB: Successfully connected to db[39m
13-06-2026 01:00:08 [[32minfo[39m]: [32mDB: Successfully connected to db[39m
13-06-2026 01:00:15 [[32minfo[39m]: [32mDB: Successfully connected to db[39m
13-06-2026 01:00:17 [[32minfo[39m]: [32mDB: Successfully connected to db[39m
13-06-2026 01:00:26 [[32minfo[39m]: [32mDB: Successfully connected to db[39m
13-06-2026 01:01:34 [[32minfo[39m]: [32mDB: Successfully connected to db[39m
13-06-2026 01:01:39 [[32minfo[39m]: [32mDB: Successfully connected to db[39m
13-06-2026 01:02:18 [[32minfo[39m]: [32mDB: Successfully connected to db[39m
13-06-2026 01:02:30 [[32minfo[39m]: [32mDB: Successfully connected to db[39m
13-06-2026 01:02:34 [[32minfo[39m]: [32mDB: Successfully connected to db[39m
13-06-2026 01:02:39 [[32minfo[39m]: [32mDB: Successfully connected to db[39m
13-06-2026 01:02:45 [[32minfo[39m]: [32mDB: Successfully connected to db[39m
13-06-2026 01:05:04 [[32minfo[39m]: [32mDB: Successfully connected to db[39m
13-06-2026 01:05:09 [[32minfo[39m]: [32mDB: Successfully connected to db[39m
13-06-2026 01:05:10 [[32minfo[39m]: [32mDB: Successfully connected to db[39m
13-06-2026 01:05:46 [[32minfo[39m]: [32mDB: Successfully connected to db[39m
13-06-2026 01:06:39 [[32minfo[39m]: [32mDB: Successfully connected to db[39m
13-06-2026 01:07:03 [[32minfo[39m]: [32mAPP: GET /main/users/info/[39m
13-06-2026 01:07:03 [[32minfo[39m]: [32mUsersInfoService:: Users found:6[39m
13-06-2026 01:17:32 [[32minfo[39m]: [32mDB: Successfully connected to db[39m
13-06-2026 01:17:43 [[32minfo[39m]: [32mDB: Successfully connected to db[39m
13-06-2026 01:17:51 [[32minfo[39m]: [32mDB: Successfully connected to db[39m
13-06-2026 01:17:53 [[32minfo[39m]: [32mDB: Successfully connected to db[39m
